<?xml version="1.0" encoding="UTF-8"?>
<!-- Generated by org.testng.reporters.JUnitXMLReporter -->
<testsuite hostname="PC94451" name="Free CRM App test cases" tests="12" failures="0" timestamp="16 Jan 2019 13:27:05 GMT" time="374.194" errors="0">
  <testcase name="loginPageTitleTest" time="0.037" classname="com.crm.qa.testcases.LoginPageTest"/>
  <testcase name="loginTest" time="10.48" classname="com.crm.qa.testcases.LoginPageTest"/>
  <testcase name="crmLogoImageTest" time="0.049" classname="com.crm.qa.testcases.LoginPageTest"/>
  <testcase name="verifyHomePageTitleTest" time="0.01" classname="com.crm.qa.testcases.HomePageTest"/>
  <testcase name="verifyCorrectUserNameTest" time="0.084" classname="com.crm.qa.testcases.HomePageTest"/>
  <testcase name="verifyContactsLinkTest" time="1.733" classname="com.crm.qa.testcases.HomePageTest"/>
  <testcase name="verifyContactsPageLabel" time="0.038" classname="com.crm.qa.testcases.ContactsPageTest"/>
  <testcase name="selectSingleContactsTest" time="0.112" classname="com.crm.qa.testcases.ContactsPageTest"/>
  <testcase name="selectMultipleContactsTest" time="0.213" classname="com.crm.qa.testcases.ContactsPageTest"/>
  <testcase name="validateCreateNewContact" time="4.927" classname="com.crm.qa.testcases.ContactsPageTest"/>
  <testcase name="validateCreateNewContact" time="4.17" classname="com.crm.qa.testcases.ContactsPageTest"/>
  <testcase name="validateCreateNewContact" time="4.342" classname="com.crm.qa.testcases.ContactsPageTest"/>
</testsuite> <!-- Free CRM App test cases -->
